<?xml version="1.0" encoding="UTF-8"?>
<!-- Generated by org.testng.reporters.JUnitReportReporter -->
<testsuite hostname="LAPTOP-ATMKCNKF" failures="0" tests="5" name="RAMON.ng008" time="121.887" errors="1" timestamp="12 Jul 2019 11:23:03 GMT" skipped="0">
  <testcase classname="RAMON.ng008" name="f" time="37.151"/>
  <testcase classname="RAMON.ng008" name="f" time="21.293"/>
  <testcase classname="RAMON.ng008" name="f" time="20.639"/>
  <testcase classname="RAMON.ng008" name="f" time="17.807">
    <error message="[object Object]&#039;[object Object]&#039; when calling method: [nsICommandProcessor::execute]
Command duration or timeout: 92 milliseconds
Build info: version: &#039;2.53.1&#039;, revision: &#039;a36b8b1&#039;, time: &#039;2016-06-30 17:37:03&#039;
System info: host: &#039;LAPTOP-ATMKCNKF&#039;, ip: &#039;192.168.173.1&#039;, os.name: &#039;Windows 10&#039;, os.arch: &#039;amd64&#039;, os.version: &#039;10.0&#039;, java.version: &#039;9&#039;
Driver info: org.openqa.selenium.firefox.FirefoxDriver
Capabilities [{applicationCacheEnabled=true, rotatable=false, handlesAlerts=true, databaseEnabled=true, version=47.0.2, platform=WINDOWS, nativeEvents=false, acceptSslCerts=true, webStorageEnabled=true, locationContextEnabled=true, browserName=firefox, takesScreenshot=true, javascriptEnabled=true, cssSelectorsEnabled=true}]
Session ID: 5ccca0f9-3d70-4a9f-95a8-bfc4ee55e9e2
*** Element info: {Using=class name, value=logoutImg}" type="org.openqa.selenium.WebDriverException">
      <![CDATA[org.openqa.selenium.WebDriverException: [object Object]'[object Object]' when calling method: [nsICommandProcessor::execute]Command duration or timeout: 92 millisecondsBuild info: version: '2.53.1', revision: 'a36b8b1', time: '2016-06-30 17:37:03'System info: host: 'LAPTOP-ATMKCNKF', ip: '192.168.173.1', os.name: 'Windows 10', os.arch: 'amd64', os.version: '10.0', java.version: '9'Driver info: org.openqa.selenium.firefox.FirefoxDriverCapabilities [{applicationCacheEnabled=true, rotatable=false, handlesAlerts=true, databaseEnabled=true, version=47.0.2, platform=WINDOWS, nativeEvents=false, acceptSslCerts=true, webStorageEnabled=true, locationContextEnabled=true, browserName=firefox, takesScreenshot=true, javascriptEnabled=true, cssSelectorsEnabled=true}]Session ID: 5ccca0f9-3d70-4a9f-95a8-bfc4ee55e9e2*** Element info: {Using=class name, value=logoutImg}at java.base/jdk.internal.reflect.NativeConstructorAccessorImpl.newInstance0(Native Method)at java.base/jdk.internal.reflect.NativeConstructorAccessorImpl.newInstance(Unknown Source)at java.base/jdk.internal.reflect.DelegatingConstructorAccessorImpl.newInstance(Unknown Source)at java.base/java.lang.reflect.Constructor.newInstance(Unknown Source)at org.openqa.selenium.remote.ErrorHandler.createThrowable(ErrorHandler.java:206)at org.openqa.selenium.remote.ErrorHandler.throwIfResponseFailed(ErrorHandler.java:158)at org.openqa.selenium.remote.RemoteWebDriver.execute(RemoteWebDriver.java:678)at org.openqa.selenium.remote.RemoteWebDriver.findElement(RemoteWebDriver.java:363)at org.openqa.selenium.remote.RemoteWebDriver.findElementByClassName(RemoteWebDriver.java:477)at org.openqa.selenium.By$ByClassName.findElement(By.java:391)at org.openqa.selenium.remote.RemoteWebDriver.findElement(RemoteWebDriver.java:355)at RAMON.ng008.f(ng008.java:18)at java.base/jdk.internal.reflect.NativeMethodAccessorImpl.invoke0(Native Method)at java.base/jdk.internal.reflect.NativeMethodAccessorImpl.invoke(Unknown Source)at java.base/jdk.internal.reflect.DelegatingMethodAccessorImpl.invoke(Unknown Source)at java.base/java.lang.reflect.Method.invoke(Unknown Source)at org.testng.internal.MethodInvocationHelper.invokeMethod(MethodInvocationHelper.java:124)at org.testng.internal.Invoker.invokeMethod(Invoker.java:571)at org.testng.internal.Invoker.invokeTestMethod(Invoker.java:707)at org.testng.internal.Invoker.invokeTestMethods(Invoker.java:979)at org.testng.internal.TestMethodWorker.invokeTestMethods(TestMethodWorker.java:125)at org.testng.internal.TestMethodWorker.run(TestMethodWorker.java:109)at org.testng.TestRunner.privateRun(TestRunner.java:648)at org.testng.TestRunner.run(TestRunner.java:505)at org.testng.SuiteRunner.runTest(SuiteRunner.java:455)at org.testng.SuiteRunner.runSequentially(SuiteRunner.java:450)at org.testng.SuiteRunner.privateRun(SuiteRunner.java:415)at org.testng.SuiteRunner.run(SuiteRunner.java:364)at org.testng.SuiteRunnerWorker.runSuite(SuiteRunnerWorker.java:52)at org.testng.SuiteRunnerWorker.run(SuiteRunnerWorker.java:84)at org.testng.TestNG.runSuitesSequentially(TestNG.java:1187)at org.testng.TestNG.runSuitesLocally(TestNG.java:1116)at org.testng.TestNG.runSuites(TestNG.java:1028)at org.testng.TestNG.run(TestNG.java:996)at org.testng.remote.AbstractRemoteTestNG.run(AbstractRemoteTestNG.java:114)at org.testng.remote.RemoteTestNG.initAndRun(RemoteTestNG.java:251)at org.testng.remote.RemoteTestNG.main(RemoteTestNG.java:77)Caused by: org.openqa.selenium.WebDriverException: [object Object]'[object Object]' when calling method: [nsICommandProcessor::execute]Build info: version: '2.53.1', revision: 'a36b8b1', time: '2016-06-30 17:37:03'System info: host: 'LAPTOP-ATMKCNKF', ip: '192.168.173.1', os.name: 'Windows 10', os.arch: 'amd64', os.version: '10.0', java.version: '9'Driver info: driver.version: unknownat <anonymous class>.Dispatcher.executeAs/<(file:///C:/Users/Ram/AppData/Local/Temp/anonymous1109969760925658779webdriver-profile/extensions/fxdriver@googlecode.com/components/driver-component.js:9558)at <anonymous class>.Resource.prototype.handle(file:///C:/Users/Ram/AppData/Local/Temp/anonymous1109969760925658779webdriver-profile/extensions/fxdriver@googlecode.com/components/driver-component.js:9705)at <anonymous class>.Dispatcher.prototype.dispatch(file:///C:/Users/Ram/AppData/Local/Temp/anonymous1109969760925658779webdriver-profile/extensions/fxdriver@googlecode.com/components/driver-component.js:9652)at <anonymous class>.WebDriverServer/<.handle(file:///C:/Users/Ram/AppData/Local/Temp/anonymous1109969760925658779webdriver-profile/extensions/fxdriver@googlecode.com/components/driver-component.js:12517)at <anonymous class>.createHandlerFunc/<(file:///C:/Users/Ram/AppData/Local/Temp/anonymous1109969760925658779webdriver-profile/extensions/fxdriver@googlecode.com/components/httpd.js:2054)at <anonymous class>.ServerHandler.prototype.handleResponse(file:///C:/Users/Ram/AppData/Local/Temp/anonymous1109969760925658779webdriver-profile/extensions/fxdriver@googlecode.com/components/httpd.js:2387)at <anonymous class>.Connection.prototype.process(file:///C:/Users/Ram/AppData/Local/Temp/anonymous1109969760925658779webdriver-profile/extensions/fxdriver@googlecode.com/components/httpd.js:1223)at <anonymous class>.RequestReader.prototype._handleResponse(file:///C:/Users/Ram/AppData/Local/Temp/anonymous1109969760925658779webdriver-profile/extensions/fxdriver@googlecode.com/components/httpd.js:1677)at <anonymous class>.RequestReader.prototype._processBody(file:///C:/Users/Ram/AppData/Local/Temp/anonymous1109969760925658779webdriver-profile/extensions/fxdriver@googlecode.com/components/httpd.js:1525)at <anonymous class>.RequestReader.prototype.onInputStreamReady(file:///C:/Users/Ram/AppData/Local/Temp/anonymous1109969760925658779webdriver-profile/extensions/fxdriver@googlecode.com/components/httpd.js:1393)]]>
    </error>
  </testcase> <!-- f -->
  <testcase classname="RAMON.ng008" name="f" time="24.997"/>
</testsuite> <!-- RAMON.ng008 -->
